08.10.2024 10:07:37.608 [main] INFO  c.e.l.MainApplication - Запуск приложения
08.10.2024 10:07:37.908 [JavaFX Application Thread] INFO  c.e.l.MainApplication - Успешное подключение к базе данных
08.10.2024 10:07:38.839 [JavaFX Application Thread] INFO  c.e.l.MainApplication - Главное окно приложения запущено
08.10.2024 10:07:44.624 [JavaFX Application Thread] INFO  c.e.l.MainApplication - Была нажата кнопка onRoute
08.10.2024 10:07:44.636 [JavaFX Application Thread] DEBUG c.e.l.MainApplication - Получены ресурсы
08.10.2024 10:07:44.636 [JavaFX Application Thread] DEBUG c.e.l.MainApplication - Получены ресурсы
08.10.2024 10:07:44.800 [JavaFX Application Thread] DEBUG c.e.l.MainApplication - Выполнен запрос поиска всех пациентов
08.10.2024 10:07:44.807 [JavaFX Application Thread] INFO  c.e.l.MainApplication - Таблица врачей заполнена и отсортирована по фио доктора
08.10.2024 10:07:49.321 [JavaFX Application Thread] INFO  c.e.l.MainApplication - Была нажата кнопка onAdd
08.10.2024 10:07:49.374 [JavaFX Application Thread] DEBUG c.e.l.MainApplication - Данные выгружены
08.10.2024 10:07:59.713 [JavaFX Application Thread] INFO  c.e.l.MainApplication - Была нажата кнопка onOk
08.10.2024 10:07:59.731 [JavaFX Application Thread] DEBUG c.e.l.MainApplication - Данные получены, окно закрыто
08.10.2024 10:07:59.731 [JavaFX Application Thread] INFO  c.e.l.MainApplication - Диалоговое окно - показано
08.10.2024 10:07:59.749 [JavaFX Application Thread] ERROR c.e.l.MainApplication - Запрос на сохранение данных был не выполнен
08.10.2024 10:07:59.804 [JavaFX Application Thread] INFO  c.e.l.MainApplication - Пациент добавлен
08.10.2024 10:08:07.095 [JavaFX Application Thread] INFO  c.e.l.MainApplication - Была нажата кнопка onDelete
08.10.2024 10:08:07.102 [JavaFX Application Thread] DEBUG c.e.l.MainApplication - Запрос на удаление данных по ID был выполнен
08.10.2024 10:08:07.103 [JavaFX Application Thread] INFO  c.e.l.MainApplication - Данные были удалены
08.10.2024 10:09:06.264 [JavaFX Application Thread] INFO  c.e.l.MainApplication - Была нажата кнопка onAdd
08.10.2024 10:09:06.293 [JavaFX Application Thread] DEBUG c.e.l.MainApplication - Данные выгружены
08.10.2024 10:09:10.256 [JavaFX Application Thread] INFO  c.e.l.MainApplication - Была нажата кнопка onOk
08.10.2024 10:09:10.272 [JavaFX Application Thread] DEBUG c.e.l.MainApplication - Данные получены, окно закрыто
08.10.2024 10:09:10.273 [JavaFX Application Thread] INFO  c.e.l.MainApplication - Диалоговое окно - показано
08.10.2024 10:09:10.277 [JavaFX Application Thread] ERROR c.e.l.MainApplication - Запрос на сохранение данных был не выполнен
08.10.2024 10:09:10.280 [JavaFX Application Thread] INFO  c.e.l.MainApplication - Пациент добавлен
08.10.2024 10:09:36.160 [JavaFX Application Thread] INFO  c.e.l.MainApplication - Была нажата кнопка onExit
08.10.2024 10:09:36.172 [JavaFX Application Thread] INFO  c.e.l.MainApplication - Окно закрыто
08.10.2024 10:09:45.192 [JavaFX Application Thread] INFO  c.e.l.MainApplication - Была нажата кнопка onDoctor
08.10.2024 10:09:45.207 [JavaFX Application Thread] DEBUG c.e.l.MainApplication - Получены ресурсы
08.10.2024 10:09:45.208 [JavaFX Application Thread] DEBUG c.e.l.MainApplication - Получены ресурсы
08.10.2024 10:09:45.267 [JavaFX Application Thread] DEBUG c.e.l.MainApplication - Выполнен запрос поиска всех докторов
08.10.2024 10:09:45.269 [JavaFX Application Thread] INFO  c.e.l.MainApplication - Таблица врачей заполнена и отсортирована по фио доктора
08.10.2024 10:09:47.688 [JavaFX Application Thread] INFO  c.e.l.MainApplication - Была нажата кнопка onAdd
08.10.2024 10:09:47.704 [JavaFX Application Thread] DEBUG c.e.l.MainApplication - Данные выгружены
08.10.2024 10:09:49.736 [JavaFX Application Thread] INFO  c.e.l.MainApplication - Была нажата кнопка onOk
08.10.2024 10:09:49.752 [JavaFX Application Thread] DEBUG c.e.l.MainApplication - Данные получены, окно закрыто
08.10.2024 10:09:49.752 [JavaFX Application Thread] INFO  c.e.l.MainApplication - Диалоговое окно - показано
08.10.2024 10:09:49.771 [JavaFX Application Thread] DEBUG c.e.l.MainApplication - Запрос на сохранение данных был выполнен
08.10.2024 10:09:49.773 [JavaFX Application Thread] INFO  c.e.l.MainApplication - Доктор добавлен
08.10.2024 10:09:52.383 [JavaFX Application Thread] INFO  c.e.l.MainApplication - Была нажата кнопка onExit
08.10.2024 10:09:52.401 [JavaFX Application Thread] INFO  c.e.l.MainApplication - Окно закрыто
08.10.2024 10:10:16.511 [JavaFX Application Thread] INFO  c.e.l.MainApplication - Была нажата кнопка onDoctor
08.10.2024 10:10:16.515 [JavaFX Application Thread] DEBUG c.e.l.MainApplication - Получены ресурсы
08.10.2024 10:10:16.515 [JavaFX Application Thread] DEBUG c.e.l.MainApplication - Получены ресурсы
08.10.2024 10:10:16.549 [JavaFX Application Thread] DEBUG c.e.l.MainApplication - Выполнен запрос поиска всех докторов
08.10.2024 10:10:16.550 [JavaFX Application Thread] INFO  c.e.l.MainApplication - Таблица врачей заполнена и отсортирована по фио доктора
08.10.2024 10:10:34.050 [main] INFO  c.e.l.MainApplication - Запуск приложения
08.10.2024 10:10:34.303 [JavaFX Application Thread] INFO  c.e.l.MainApplication - Успешное подключение к базе данных
08.10.2024 10:10:35.168 [JavaFX Application Thread] INFO  c.e.l.MainApplication - Главное окно приложения запущено
08.10.2024 10:10:36.697 [JavaFX Application Thread] INFO  c.e.l.MainApplication - Была нажата кнопка onRoute
08.10.2024 10:10:36.709 [JavaFX Application Thread] DEBUG c.e.l.MainApplication - Получены ресурсы
08.10.2024 10:10:36.710 [JavaFX Application Thread] DEBUG c.e.l.MainApplication - Получены ресурсы
08.10.2024 10:10:36.930 [JavaFX Application Thread] DEBUG c.e.l.MainApplication - Выполнен запрос поиска всех пациентов
08.10.2024 10:10:36.937 [JavaFX Application Thread] INFO  c.e.l.MainApplication - Таблица врачей заполнена и отсортирована по фио доктора
08.10.2024 10:21:11.719 [main] INFO  c.e.l.MainApplication - Запуск приложения
08.10.2024 10:21:11.966 [JavaFX Application Thread] INFO  c.e.l.MainApplication - Успешное подключение к базе данных
08.10.2024 10:21:12.926 [JavaFX Application Thread] INFO  c.e.l.MainApplication - Главное окно приложения запущено
08.10.2024 10:21:15.952 [JavaFX Application Thread] INFO  c.e.l.MainApplication - Была нажата кнопка onDoctor
08.10.2024 10:21:15.965 [JavaFX Application Thread] DEBUG c.e.l.MainApplication - Получены ресурсы
08.10.2024 10:21:15.966 [JavaFX Application Thread] DEBUG c.e.l.MainApplication - Получены ресурсы
08.10.2024 10:21:16.128 [JavaFX Application Thread] DEBUG c.e.l.MainApplication - Выполнен запрос поиска всех докторов
08.10.2024 10:21:16.173 [JavaFX Application Thread] INFO  c.e.l.MainApplication - Таблица врачей заполнена и отсортирована по фио доктора
08.10.2024 10:21:18.241 [JavaFX Application Thread] INFO  c.e.l.MainApplication - Была нажата кнопка onAdd
08.10.2024 10:21:18.262 [JavaFX Application Thread] DEBUG c.e.l.MainApplication - Данные выгружены
08.10.2024 10:21:20.504 [JavaFX Application Thread] INFO  c.e.l.MainApplication - Была нажата кнопка onOk
08.10.2024 10:21:20.521 [JavaFX Application Thread] DEBUG c.e.l.MainApplication - Данные получены, окно закрыто
08.10.2024 10:21:20.522 [JavaFX Application Thread] INFO  c.e.l.MainApplication - Диалоговое окно - показано
08.10.2024 10:21:20.543 [JavaFX Application Thread] DEBUG c.e.l.MainApplication - Запрос на сохранение данных был выполнен
08.10.2024 10:21:20.544 [JavaFX Application Thread] INFO  c.e.l.MainApplication - Доктор добавлен
08.10.2024 10:21:38.575 [JavaFX Application Thread] INFO  c.e.l.MainApplication - Была нажата кнопка onAdd
08.10.2024 10:21:38.599 [JavaFX Application Thread] DEBUG c.e.l.MainApplication - Данные выгружены
08.10.2024 10:21:47.983 [JavaFX Application Thread] INFO  c.e.l.MainApplication - Была нажата кнопка onOk
08.10.2024 10:21:47.998 [JavaFX Application Thread] DEBUG c.e.l.MainApplication - Данные получены, окно закрыто
08.10.2024 10:21:47.999 [JavaFX Application Thread] INFO  c.e.l.MainApplication - Диалоговое окно - показано
08.10.2024 10:21:48.012 [JavaFX Application Thread] DEBUG c.e.l.MainApplication - Запрос на сохранение данных был выполнен
08.10.2024 10:21:48.013 [JavaFX Application Thread] INFO  c.e.l.MainApplication - Доктор добавлен
08.10.2024 10:21:51.352 [JavaFX Application Thread] INFO  c.e.l.MainApplication - Была нажата кнопка onExit
08.10.2024 10:21:51.366 [JavaFX Application Thread] INFO  c.e.l.MainApplication - Окно закрыто
08.10.2024 10:22:05.624 [JavaFX Application Thread] INFO  c.e.l.MainApplication - Была нажата кнопка onRoute
08.10.2024 10:22:05.630 [JavaFX Application Thread] DEBUG c.e.l.MainApplication - Получены ресурсы
08.10.2024 10:22:05.631 [JavaFX Application Thread] DEBUG c.e.l.MainApplication - Получены ресурсы
08.10.2024 10:22:05.695 [JavaFX Application Thread] DEBUG c.e.l.MainApplication - Выполнен запрос поиска всех пациентов
08.10.2024 10:22:05.697 [JavaFX Application Thread] INFO  c.e.l.MainApplication - Таблица врачей заполнена и отсортирована по фио доктора
08.10.2024 10:22:08.704 [JavaFX Application Thread] INFO  c.e.l.MainApplication - Была нажата кнопка onAdd
08.10.2024 10:22:08.747 [JavaFX Application Thread] DEBUG c.e.l.MainApplication - Данные выгружены
08.10.2024 10:22:32.552 [JavaFX Application Thread] INFO  c.e.l.MainApplication - Была нажата кнопка onOk
08.10.2024 10:22:32.567 [JavaFX Application Thread] DEBUG c.e.l.MainApplication - Данные получены, окно закрыто
08.10.2024 10:22:32.567 [JavaFX Application Thread] INFO  c.e.l.MainApplication - Диалоговое окно - показано
08.10.2024 10:22:32.574 [JavaFX Application Thread] ERROR c.e.l.MainApplication - Запрос на сохранение данных был не выполнен
08.10.2024 10:22:32.575 [JavaFX Application Thread] INFO  c.e.l.MainApplication - Пациент добавлен
08.10.2024 10:22:43.447 [JavaFX Application Thread] INFO  c.e.l.MainApplication - Была нажата кнопка onExit
08.10.2024 10:22:43.460 [JavaFX Application Thread] INFO  c.e.l.MainApplication - Окно закрыто
08.10.2024 10:22:59.919 [JavaFX Application Thread] INFO  c.e.l.MainApplication - Была нажата кнопка onRoute
08.10.2024 10:22:59.922 [JavaFX Application Thread] DEBUG c.e.l.MainApplication - Получены ресурсы
08.10.2024 10:22:59.923 [JavaFX Application Thread] DEBUG c.e.l.MainApplication - Получены ресурсы
08.10.2024 10:22:59.966 [JavaFX Application Thread] DEBUG c.e.l.MainApplication - Выполнен запрос поиска всех пациентов
08.10.2024 10:22:59.967 [JavaFX Application Thread] INFO  c.e.l.MainApplication - Таблица врачей заполнена и отсортирована по фио доктора
08.10.2024 10:23:08.936 [JavaFX Application Thread] INFO  c.e.l.MainApplication - Была нажата кнопка onAdd
08.10.2024 10:23:08.960 [JavaFX Application Thread] DEBUG c.e.l.MainApplication - Данные выгружены
08.10.2024 10:23:13.599 [JavaFX Application Thread] INFO  c.e.l.MainApplication - Была нажата кнопка onOk
08.10.2024 10:23:13.611 [JavaFX Application Thread] DEBUG c.e.l.MainApplication - Данные получены, окно закрыто
08.10.2024 10:23:13.612 [JavaFX Application Thread] INFO  c.e.l.MainApplication - Диалоговое окно - показано
08.10.2024 10:23:13.617 [JavaFX Application Thread] ERROR c.e.l.MainApplication - Запрос на сохранение данных был не выполнен
08.10.2024 10:23:13.618 [JavaFX Application Thread] INFO  c.e.l.MainApplication - Пациент добавлен
08.10.2024 10:23:16.680 [JavaFX Application Thread] INFO  c.e.l.MainApplication - Была нажата кнопка onSearch
08.10.2024 10:23:20.927 [JavaFX Application Thread] INFO  c.e.l.MainApplication - Была нажата кнопка onSearch
08.10.2024 10:23:20.932 [JavaFX Application Thread] DEBUG c.e.l.MainApplication - Выполнен запрос поиска по ФИО
08.10.2024 10:23:20.933 [JavaFX Application Thread] DEBUG c.e.l.MainApplication - Данные выведены в таблицу
08.10.2024 10:23:23.791 [JavaFX Application Thread] INFO  c.e.l.MainApplication - Была нажата кнопка onSearch
08.10.2024 10:23:24.751 [JavaFX Application Thread] INFO  c.e.l.MainApplication - Была нажата кнопка onExit
08.10.2024 10:23:24.766 [JavaFX Application Thread] INFO  c.e.l.MainApplication - Окно закрыто
08.10.2024 10:23:26.759 [JavaFX Application Thread] INFO  c.e.l.MainApplication - Была нажата кнопка onRoute
08.10.2024 10:23:26.762 [JavaFX Application Thread] DEBUG c.e.l.MainApplication - Получены ресурсы
08.10.2024 10:23:26.763 [JavaFX Application Thread] DEBUG c.e.l.MainApplication - Получены ресурсы
08.10.2024 10:23:26.798 [JavaFX Application Thread] DEBUG c.e.l.MainApplication - Выполнен запрос поиска всех пациентов
08.10.2024 10:23:26.799 [JavaFX Application Thread] INFO  c.e.l.MainApplication - Таблица врачей заполнена и отсортирована по фио доктора
08.10.2024 10:23:29.257 [JavaFX Application Thread] INFO  c.e.l.MainApplication - Была нажата кнопка onAdd
08.10.2024 10:23:29.278 [JavaFX Application Thread] DEBUG c.e.l.MainApplication - Данные выгружены
08.10.2024 10:23:32.140 [JavaFX Application Thread] INFO  c.e.l.MainApplication - Диалоговое окно - показано
08.10.2024 10:23:32.153 [JavaFX Application Thread] DEBUG c.e.l.MainApplication - Запрос на сохранение данных был выполнен
08.10.2024 10:23:32.153 [JavaFX Application Thread] INFO  c.e.l.MainApplication - Пациент добавлен
08.10.2024 10:23:33.271 [JavaFX Application Thread] INFO  c.e.l.MainApplication - Была нажата кнопка onExit
08.10.2024 10:23:33.286 [JavaFX Application Thread] INFO  c.e.l.MainApplication - Окно закрыто
08.10.2024 10:23:34.023 [JavaFX Application Thread] INFO  c.e.l.MainApplication - Была нажата кнопка onTicket
08.10.2024 10:23:34.027 [JavaFX Application Thread] DEBUG c.e.l.MainApplication - Получены ресурсы
08.10.2024 10:23:34.028 [JavaFX Application Thread] DEBUG c.e.l.MainApplication - Получены ресурсы
08.10.2024 10:23:34.029 [JavaFX Application Thread] DEBUG c.e.l.MainApplication - Получены ресурсы
08.10.2024 10:23:34.030 [JavaFX Application Thread] DEBUG c.e.l.MainApplication - Получены ресурсы
08.10.2024 10:23:34.030 [JavaFX Application Thread] DEBUG c.e.l.MainApplication - Получены ресурсы
08.10.2024 10:23:34.031 [JavaFX Application Thread] DEBUG c.e.l.MainApplication - Получены ресурсы
08.10.2024 10:23:34.068 [JavaFX Application Thread] DEBUG c.e.l.MainApplication - Выполнен запрос поиска всех докторов
08.10.2024 10:23:34.072 [JavaFX Application Thread] DEBUG c.e.l.MainApplication - Выполнен запрос поиска всех пациентов
08.10.2024 10:23:34.078 [JavaFX Application Thread] DEBUG c.e.l.MainApplication - Выполнен запрос поиска всех записей на прием
08.10.2024 10:23:34.080 [JavaFX Application Thread] INFO  c.e.l.MainApplication - Таблица записей заполнена и отсортирована по фио доктора
08.10.2024 10:23:37.272 [JavaFX Application Thread] INFO  c.e.l.MainApplication - Была нажата кнопка onAdd
08.10.2024 10:23:37.275 [JavaFX Application Thread] DEBUG c.e.l.MainApplication - Получены ресурсы
08.10.2024 10:23:37.275 [JavaFX Application Thread] DEBUG c.e.l.MainApplication - Получены ресурсы
08.10.2024 10:23:37.298 [JavaFX Application Thread] DEBUG c.e.l.MainApplication - Выполнен запрос поиска всех докторов
08.10.2024 10:23:37.301 [JavaFX Application Thread] DEBUG c.e.l.MainApplication - Выполнен запрос поиска всех пациентов
08.10.2024 10:23:37.315 [JavaFX Application Thread] DEBUG c.e.l.MainApplication - Данные выгружены
08.10.2024 10:23:38.327 [JavaFX Application Thread] INFO  c.e.l.MainApplication - Была нажата кнопка onEdit
08.10.2024 10:23:38.328 [JavaFX Application Thread] INFO  c.e.l.MainApplication - Диалоговое окно было открыто
08.10.2024 10:23:38.330 [JavaFX Application Thread] DEBUG c.e.l.MainApplication - Получены ресурсы
08.10.2024 10:23:38.330 [JavaFX Application Thread] DEBUG c.e.l.MainApplication - Получены ресурсы
08.10.2024 10:23:38.348 [JavaFX Application Thread] DEBUG c.e.l.MainApplication - Выполнен запрос поиска всех докторов
08.10.2024 10:23:38.353 [JavaFX Application Thread] DEBUG c.e.l.MainApplication - Выполнен запрос поиска всех пациентов
08.10.2024 10:23:38.361 [JavaFX Application Thread] DEBUG c.e.l.MainApplication - Данные выгружены
08.10.2024 10:23:41.904 [JavaFX Application Thread] INFO  c.e.l.MainApplication - Была нажата кнопка onAdd
08.10.2024 10:23:41.906 [JavaFX Application Thread] DEBUG c.e.l.MainApplication - Получены ресурсы
08.10.2024 10:23:41.906 [JavaFX Application Thread] DEBUG c.e.l.MainApplication - Получены ресурсы
08.10.2024 10:23:41.923 [JavaFX Application Thread] DEBUG c.e.l.MainApplication - Выполнен запрос поиска всех докторов
08.10.2024 10:23:41.927 [JavaFX Application Thread] DEBUG c.e.l.MainApplication - Выполнен запрос поиска всех пациентов
08.10.2024 10:23:41.933 [JavaFX Application Thread] DEBUG c.e.l.MainApplication - Данные выгружены
08.10.2024 10:23:42.711 [JavaFX Application Thread] INFO  c.e.l.MainApplication - Была нажата кнопка onAdd
08.10.2024 10:23:42.713 [JavaFX Application Thread] DEBUG c.e.l.MainApplication - Получены ресурсы
08.10.2024 10:23:42.713 [JavaFX Application Thread] DEBUG c.e.l.MainApplication - Получены ресурсы
08.10.2024 10:23:42.741 [JavaFX Application Thread] DEBUG c.e.l.MainApplication - Выполнен запрос поиска всех докторов
08.10.2024 10:23:42.744 [JavaFX Application Thread] DEBUG c.e.l.MainApplication - Выполнен запрос поиска всех пациентов
08.10.2024 10:23:42.747 [JavaFX Application Thread] DEBUG c.e.l.MainApplication - Данные выгружены
08.10.2024 10:23:42.871 [JavaFX Application Thread] INFO  c.e.l.MainApplication - Была нажата кнопка onAdd
08.10.2024 10:23:42.874 [JavaFX Application Thread] DEBUG c.e.l.MainApplication - Получены ресурсы
08.10.2024 10:23:42.874 [JavaFX Application Thread] DEBUG c.e.l.MainApplication - Получены ресурсы
08.10.2024 10:23:42.897 [JavaFX Application Thread] DEBUG c.e.l.MainApplication - Выполнен запрос поиска всех докторов
08.10.2024 10:23:42.900 [JavaFX Application Thread] DEBUG c.e.l.MainApplication - Выполнен запрос поиска всех пациентов
08.10.2024 10:23:42.904 [JavaFX Application Thread] DEBUG c.e.l.MainApplication - Данные выгружены
08.10.2024 10:23:43.023 [JavaFX Application Thread] INFO  c.e.l.MainApplication - Была нажата кнопка onAdd
08.10.2024 10:23:43.026 [JavaFX Application Thread] DEBUG c.e.l.MainApplication - Получены ресурсы
08.10.2024 10:23:43.026 [JavaFX Application Thread] DEBUG c.e.l.MainApplication - Получены ресурсы
08.10.2024 10:23:43.047 [JavaFX Application Thread] DEBUG c.e.l.MainApplication - Выполнен запрос поиска всех докторов
08.10.2024 10:23:43.052 [JavaFX Application Thread] DEBUG c.e.l.MainApplication - Выполнен запрос поиска всех пациентов
08.10.2024 10:23:43.055 [JavaFX Application Thread] DEBUG c.e.l.MainApplication - Данные выгружены
08.10.2024 10:23:43.207 [JavaFX Application Thread] INFO  c.e.l.MainApplication - Была нажата кнопка onAdd
08.10.2024 10:23:43.209 [JavaFX Application Thread] DEBUG c.e.l.MainApplication - Получены ресурсы
08.10.2024 10:23:43.209 [JavaFX Application Thread] DEBUG c.e.l.MainApplication - Получены ресурсы
08.10.2024 10:23:43.228 [JavaFX Application Thread] DEBUG c.e.l.MainApplication - Выполнен запрос поиска всех докторов
08.10.2024 10:23:43.232 [JavaFX Application Thread] DEBUG c.e.l.MainApplication - Выполнен запрос поиска всех пациентов
08.10.2024 10:23:43.234 [JavaFX Application Thread] DEBUG c.e.l.MainApplication - Данные выгружены
08.10.2024 10:23:43.591 [JavaFX Application Thread] INFO  c.e.l.MainApplication - Была нажата кнопка onAdd
08.10.2024 10:23:43.594 [JavaFX Application Thread] DEBUG c.e.l.MainApplication - Получены ресурсы
08.10.2024 10:23:43.594 [JavaFX Application Thread] DEBUG c.e.l.MainApplication - Получены ресурсы
08.10.2024 10:23:43.617 [JavaFX Application Thread] DEBUG c.e.l.MainApplication - Выполнен запрос поиска всех докторов
08.10.2024 10:23:43.623 [JavaFX Application Thread] DEBUG c.e.l.MainApplication - Выполнен запрос поиска всех пациентов
08.10.2024 10:23:43.628 [JavaFX Application Thread] DEBUG c.e.l.MainApplication - Данные выгружены
08.10.2024 10:23:43.759 [JavaFX Application Thread] INFO  c.e.l.MainApplication - Была нажата кнопка onAdd
08.10.2024 10:23:43.762 [JavaFX Application Thread] DEBUG c.e.l.MainApplication - Получены ресурсы
08.10.2024 10:23:43.763 [JavaFX Application Thread] DEBUG c.e.l.MainApplication - Получены ресурсы
08.10.2024 10:23:43.786 [JavaFX Application Thread] DEBUG c.e.l.MainApplication - Выполнен запрос поиска всех докторов
08.10.2024 10:23:43.789 [JavaFX Application Thread] DEBUG c.e.l.MainApplication - Выполнен запрос поиска всех пациентов
08.10.2024 10:23:43.793 [JavaFX Application Thread] DEBUG c.e.l.MainApplication - Данные выгружены
08.10.2024 10:23:43.911 [JavaFX Application Thread] INFO  c.e.l.MainApplication - Была нажата кнопка onAdd
08.10.2024 10:23:43.913 [JavaFX Application Thread] DEBUG c.e.l.MainApplication - Получены ресурсы
08.10.2024 10:23:43.914 [JavaFX Application Thread] DEBUG c.e.l.MainApplication - Получены ресурсы
08.10.2024 10:23:43.929 [JavaFX Application Thread] DEBUG c.e.l.MainApplication - Выполнен запрос поиска всех докторов
08.10.2024 10:23:43.932 [JavaFX Application Thread] DEBUG c.e.l.MainApplication - Выполнен запрос поиска всех пациентов
08.10.2024 10:23:43.936 [JavaFX Application Thread] DEBUG c.e.l.MainApplication - Данные выгружены
08.10.2024 10:23:44.072 [JavaFX Application Thread] INFO  c.e.l.MainApplication - Была нажата кнопка onAdd
08.10.2024 10:23:44.074 [JavaFX Application Thread] DEBUG c.e.l.MainApplication - Получены ресурсы
08.10.2024 10:23:44.074 [JavaFX Application Thread] DEBUG c.e.l.MainApplication - Получены ресурсы
08.10.2024 10:23:44.093 [JavaFX Application Thread] DEBUG c.e.l.MainApplication - Выполнен запрос поиска всех докторов
08.10.2024 10:23:44.097 [JavaFX Application Thread] DEBUG c.e.l.MainApplication - Выполнен запрос поиска всех пациентов
08.10.2024 10:23:44.100 [JavaFX Application Thread] DEBUG c.e.l.MainApplication - Данные выгружены
08.10.2024 10:30:20.851 [main] INFO  c.e.l.MainApplication - Запуск приложения
08.10.2024 10:30:21.106 [JavaFX Application Thread] INFO  c.e.l.MainApplication - Успешное подключение к базе данных
08.10.2024 10:30:21.959 [JavaFX Application Thread] INFO  c.e.l.MainApplication - Главное окно приложения запущено
08.10.2024 10:30:23.712 [JavaFX Application Thread] INFO  c.e.l.MainApplication - Была нажата кнопка onRoute
08.10.2024 10:30:23.721 [JavaFX Application Thread] DEBUG c.e.l.MainApplication - Получены ресурсы
08.10.2024 10:30:23.722 [JavaFX Application Thread] DEBUG c.e.l.MainApplication - Получены ресурсы
08.10.2024 10:30:23.916 [JavaFX Application Thread] DEBUG c.e.l.MainApplication - Выполнен запрос поиска всех пациентов
08.10.2024 10:30:23.978 [JavaFX Application Thread] INFO  c.e.l.MainApplication - Таблица врачей заполнена и отсортирована по фио доктора
08.10.2024 10:30:27.000 [JavaFX Application Thread] INFO  c.e.l.MainApplication - Была нажата кнопка onExit
08.10.2024 10:30:27.018 [JavaFX Application Thread] INFO  c.e.l.MainApplication - Окно закрыто
08.10.2024 10:30:27.647 [JavaFX Application Thread] INFO  c.e.l.MainApplication - Была нажата кнопка onDoctor
08.10.2024 10:30:27.652 [JavaFX Application Thread] DEBUG c.e.l.MainApplication - Получены ресурсы
08.10.2024 10:30:27.653 [JavaFX Application Thread] DEBUG c.e.l.MainApplication - Получены ресурсы
08.10.2024 10:30:27.700 [JavaFX Application Thread] DEBUG c.e.l.MainApplication - Выполнен запрос поиска всех докторов
08.10.2024 10:30:27.703 [JavaFX Application Thread] INFO  c.e.l.MainApplication - Таблица врачей заполнена и отсортирована по фио доктора
08.10.2024 10:30:32.415 [JavaFX Application Thread] INFO  c.e.l.MainApplication - Была нажата кнопка onEdit
08.10.2024 10:30:32.416 [JavaFX Application Thread] INFO  c.e.l.MainApplication - Диалоговое окно было открыто
08.10.2024 10:30:32.434 [JavaFX Application Thread] DEBUG c.e.l.MainApplication - Данные выгружены
08.10.2024 10:30:49.119 [JavaFX Application Thread] INFO  c.e.l.MainApplication - Была нажата кнопка onOk
08.10.2024 10:30:49.134 [JavaFX Application Thread] DEBUG c.e.l.MainApplication - Данные получены, окно закрыто
08.10.2024 10:30:49.135 [JavaFX Application Thread] INFO  c.e.l.MainApplication - Диалоговое окно было закрыто
08.10.2024 10:30:49.152 [JavaFX Application Thread] DEBUG c.e.l.MainApplication - Запрос на обновление данных был выполнен
08.10.2024 10:30:49.153 [JavaFX Application Thread] DEBUG c.e.l.MainApplication - Данные обновлены
08.10.2024 10:32:39.631 [JavaFX Application Thread] INFO  c.e.l.MainApplication - Была нажата кнопка onExit
08.10.2024 10:32:39.645 [JavaFX Application Thread] INFO  c.e.l.MainApplication - Окно закрыто
08.10.2024 10:32:40.794 [JavaFX Application Thread] INFO  c.e.l.MainApplication - Завершение работы приложения
08.10.2024 10:32:46.383 [main] INFO  c.e.l.MainApplication - Запуск приложения
08.10.2024 10:32:46.652 [JavaFX Application Thread] INFO  c.e.l.MainApplication - Успешное подключение к базе данных
08.10.2024 10:32:47.464 [JavaFX Application Thread] INFO  c.e.l.MainApplication - Главное окно приложения запущено
08.10.2024 10:32:48.416 [JavaFX Application Thread] INFO  c.e.l.MainApplication - Была нажата кнопка onRoute
08.10.2024 10:32:48.427 [JavaFX Application Thread] DEBUG c.e.l.MainApplication - Получены ресурсы
08.10.2024 10:32:48.428 [JavaFX Application Thread] DEBUG c.e.l.MainApplication - Получены ресурсы
08.10.2024 10:32:48.589 [JavaFX Application Thread] DEBUG c.e.l.MainApplication - Выполнен запрос поиска всех пациентов
08.10.2024 10:32:48.639 [JavaFX Application Thread] INFO  c.e.l.MainApplication - Таблица врачей заполнена и отсортирована по фио доктора
08.10.2024 10:32:52.391 [JavaFX Application Thread] INFO  c.e.l.MainApplication - Была нажата кнопка onEdit
08.10.2024 10:32:52.392 [JavaFX Application Thread] INFO  c.e.l.MainApplication - Диалоговое окно было открыто
08.10.2024 10:32:52.452 [JavaFX Application Thread] DEBUG c.e.l.MainApplication - Данные выгружены
08.10.2024 10:33:17.272 [JavaFX Application Thread] INFO  c.e.l.MainApplication - Была нажата кнопка onOk
08.10.2024 10:33:17.287 [JavaFX Application Thread] DEBUG c.e.l.MainApplication - Данные получены, окно закрыто
08.10.2024 10:33:17.287 [JavaFX Application Thread] INFO  c.e.l.MainApplication - Диалоговое окно было закрыто
08.10.2024 10:33:17.309 [JavaFX Application Thread] DEBUG c.e.l.MainApplication - Запрос на обновление данных был выполнен
08.10.2024 10:33:17.311 [JavaFX Application Thread] DEBUG c.e.l.MainApplication - Данные обновлены
08.10.2024 10:33:33.727 [JavaFX Application Thread] INFO  c.e.l.MainApplication - Была нажата кнопка onExit
08.10.2024 10:33:33.739 [JavaFX Application Thread] INFO  c.e.l.MainApplication - Окно закрыто
08.10.2024 10:33:35.367 [JavaFX Application Thread] INFO  c.e.l.MainApplication - Была нажата кнопка onTicket
08.10.2024 10:33:35.372 [JavaFX Application Thread] DEBUG c.e.l.MainApplication - Получены ресурсы
08.10.2024 10:33:35.373 [JavaFX Application Thread] DEBUG c.e.l.MainApplication - Получены ресурсы
08.10.2024 10:33:35.375 [JavaFX Application Thread] DEBUG c.e.l.MainApplication - Получены ресурсы
08.10.2024 10:33:35.375 [JavaFX Application Thread] DEBUG c.e.l.MainApplication - Получены ресурсы
08.10.2024 10:33:35.376 [JavaFX Application Thread] DEBUG c.e.l.MainApplication - Получены ресурсы
08.10.2024 10:33:35.376 [JavaFX Application Thread] DEBUG c.e.l.MainApplication - Получены ресурсы
08.10.2024 10:33:35.415 [JavaFX Application Thread] DEBUG c.e.l.MainApplication - Выполнен запрос поиска всех докторов
08.10.2024 10:33:35.418 [JavaFX Application Thread] DEBUG c.e.l.MainApplication - Выполнен запрос поиска всех пациентов
08.10.2024 10:33:35.423 [JavaFX Application Thread] DEBUG c.e.l.MainApplication - Выполнен запрос поиска всех записей на прием
08.10.2024 10:33:35.424 [JavaFX Application Thread] INFO  c.e.l.MainApplication - Таблица записей заполнена и отсортирована по фио доктора
08.10.2024 10:33:36.519 [JavaFX Application Thread] INFO  c.e.l.MainApplication - Была нажата кнопка onAdd
08.10.2024 10:33:36.522 [JavaFX Application Thread] DEBUG c.e.l.MainApplication - Получены ресурсы
08.10.2024 10:33:36.523 [JavaFX Application Thread] DEBUG c.e.l.MainApplication - Получены ресурсы
08.10.2024 10:33:36.556 [JavaFX Application Thread] DEBUG c.e.l.MainApplication - Выполнен запрос поиска всех докторов
08.10.2024 10:33:36.561 [JavaFX Application Thread] DEBUG c.e.l.MainApplication - Выполнен запрос поиска всех пациентов
08.10.2024 10:33:36.566 [JavaFX Application Thread] DEBUG c.e.l.MainApplication - Данные выгружены
08.10.2024 10:33:57.199 [JavaFX Application Thread] INFO  c.e.l.MainApplication - Была нажата кнопка onOk
08.10.2024 10:33:57.214 [JavaFX Application Thread] DEBUG c.e.l.MainApplication - Данные получены, окно закрыто
08.10.2024 10:33:57.215 [JavaFX Application Thread] INFO  c.e.l.MainApplication - Диалоговое окно - показано
08.10.2024 10:33:57.231 [JavaFX Application Thread] DEBUG c.e.l.MainApplication - Запрос на сохранение данных был выполнен
08.10.2024 10:33:57.231 [JavaFX Application Thread] INFO  c.e.l.MainApplication - Запись добавлена
08.10.2024 10:34:38.559 [JavaFX Application Thread] INFO  c.e.l.MainApplication - Была нажата кнопка onExit
08.10.2024 10:34:38.572 [JavaFX Application Thread] INFO  c.e.l.MainApplication - Окно закрыто
08.10.2024 10:34:53.087 [JavaFX Application Thread] INFO  c.e.l.MainApplication - Была нажата кнопка onRoute
08.10.2024 10:34:53.089 [JavaFX Application Thread] DEBUG c.e.l.MainApplication - Получены ресурсы
08.10.2024 10:34:53.090 [JavaFX Application Thread] DEBUG c.e.l.MainApplication - Получены ресурсы
08.10.2024 10:34:53.146 [JavaFX Application Thread] DEBUG c.e.l.MainApplication - Выполнен запрос поиска всех пациентов
08.10.2024 10:34:53.146 [JavaFX Application Thread] INFO  c.e.l.MainApplication - Таблица врачей заполнена и отсортирована по фио доктора
08.10.2024 10:34:54.631 [JavaFX Application Thread] INFO  c.e.l.MainApplication - Была нажата кнопка onAdd
08.10.2024 10:34:54.664 [JavaFX Application Thread] DEBUG c.e.l.MainApplication - Данные выгружены
08.10.2024 10:35:06.142 [JavaFX Application Thread] INFO  c.e.l.MainApplication - Была нажата кнопка onOk
08.10.2024 10:35:06.156 [JavaFX Application Thread] DEBUG c.e.l.MainApplication - Данные получены, окно закрыто
08.10.2024 10:35:06.157 [JavaFX Application Thread] INFO  c.e.l.MainApplication - Диалоговое окно - показано
08.10.2024 10:35:06.171 [JavaFX Application Thread] DEBUG c.e.l.MainApplication - Запрос на сохранение данных был выполнен
08.10.2024 10:35:06.173 [JavaFX Application Thread] INFO  c.e.l.MainApplication - Пациент добавлен
08.10.2024 10:35:07.975 [JavaFX Application Thread] INFO  c.e.l.MainApplication - Была нажата кнопка onExit
08.10.2024 10:35:07.989 [JavaFX Application Thread] INFO  c.e.l.MainApplication - Окно закрыто
08.10.2024 10:36:11.671 [JavaFX Application Thread] INFO  c.e.l.MainApplication - Была нажата кнопка onTicket
08.10.2024 10:36:11.673 [JavaFX Application Thread] DEBUG c.e.l.MainApplication - Получены ресурсы
08.10.2024 10:36:11.674 [JavaFX Application Thread] DEBUG c.e.l.MainApplication - Получены ресурсы
08.10.2024 10:36:11.674 [JavaFX Application Thread] DEBUG c.e.l.MainApplication - Получены ресурсы
08.10.2024 10:36:11.675 [JavaFX Application Thread] DEBUG c.e.l.MainApplication - Получены ресурсы
08.10.2024 10:36:11.675 [JavaFX Application Thread] DEBUG c.e.l.MainApplication - Получены ресурсы
08.10.2024 10:36:11.676 [JavaFX Application Thread] DEBUG c.e.l.MainApplication - Получены ресурсы
08.10.2024 10:36:11.707 [JavaFX Application Thread] DEBUG c.e.l.MainApplication - Выполнен запрос поиска всех докторов
08.10.2024 10:36:11.711 [JavaFX Application Thread] DEBUG c.e.l.MainApplication - Выполнен запрос поиска всех пациентов
08.10.2024 10:36:11.714 [JavaFX Application Thread] DEBUG c.e.l.MainApplication - Выполнен запрос поиска всех записей на прием
08.10.2024 10:36:11.715 [JavaFX Application Thread] INFO  c.e.l.MainApplication - Таблица записей заполнена и отсортирована по фио доктора
08.10.2024 10:36:14.038 [JavaFX Application Thread] INFO  c.e.l.MainApplication - Была нажата кнопка onAdd
08.10.2024 10:36:14.041 [JavaFX Application Thread] DEBUG c.e.l.MainApplication - Получены ресурсы
08.10.2024 10:36:14.041 [JavaFX Application Thread] DEBUG c.e.l.MainApplication - Получены ресурсы
08.10.2024 10:36:14.071 [JavaFX Application Thread] DEBUG c.e.l.MainApplication - Выполнен запрос поиска всех докторов
08.10.2024 10:36:14.075 [JavaFX Application Thread] DEBUG c.e.l.MainApplication - Выполнен запрос поиска всех пациентов
08.10.2024 10:36:14.077 [JavaFX Application Thread] DEBUG c.e.l.MainApplication - Данные выгружены
08.10.2024 10:36:21.967 [JavaFX Application Thread] INFO  c.e.l.MainApplication - Была нажата кнопка onOk
08.10.2024 10:36:21.980 [JavaFX Application Thread] DEBUG c.e.l.MainApplication - Данные получены, окно закрыто
08.10.2024 10:36:21.981 [JavaFX Application Thread] INFO  c.e.l.MainApplication - Диалоговое окно - показано
08.10.2024 10:36:21.995 [JavaFX Application Thread] DEBUG c.e.l.MainApplication - Запрос на сохранение данных был выполнен
08.10.2024 10:36:21.996 [JavaFX Application Thread] INFO  c.e.l.MainApplication - Запись добавлена
08.10.2024 10:55:01.915 [JavaFX Application Thread] INFO  c.e.l.MainApplication - Завершение работы приложения
